<?xml version="1.0" encoding="UTF-8"?>
<testsuite xmlns:xsi="http://www.w3.org/2001/XMLSchema-instance" xsi:noNamespaceSchemaLocation="https://maven.apache.org/surefire/maven-surefire-plugin/xsd/surefire-test-report.xsd" name="com.upc.eureka.WaterEurekaApplicationTests" time="17.791" tests="1" errors="0" skipped="0" failures="0">
  <properties>
    <property name="sun.desktop" value="windows"/>
    <property name="awt.toolkit" value="sun.awt.windows.WToolkit"/>
    <property name="file.encoding.pkg" value="sun.io"/>
    <property name="java.specification.version" value="1.8"/>
    <property name="sun.cpu.isalist" value="amd64"/>
    <property name="sun.jnu.encoding" value="GBK"/>
    <property name="java.class.path" value="E:\IDEA\water-cloud\water-eureka\target\test-classes;E:\IDEA\water-cloud\water-eureka\target\classes;D:\installtion\repostitory\org\springframework\cloud\spring-cloud-starter-netflix-eureka-server\2.1.2.RELEASE\spring-cloud-starter-netflix-eureka-server-2.1.2.RELEASE.jar;D:\installtion\repostitory\org\springframework\cloud\spring-cloud-starter\2.1.2.RELEASE\spring-cloud-starter-2.1.2.RELEASE.jar;D:\installtion\repostitory\org\springframework\cloud\spring-cloud-context\2.1.2.RELEASE\spring-cloud-context-2.1.2.RELEASE.jar;D:\installtion\repostitory\org\springframework\security\spring-security-crypto\5.1.6.RELEASE\spring-security-crypto-5.1.6.RELEASE.jar;D:\installtion\repostitory\org\springframework\cloud\spring-cloud-commons\2.1.2.RELEASE\spring-cloud-commons-2.1.2.RELEASE.jar;D:\installtion\repostitory\org\springframework\security\spring-security-rsa\1.0.7.RELEASE\spring-security-rsa-1.0.7.RELEASE.jar;D:\installtion\repostitory\org\bouncycastle\bcpkix-jdk15on\1.60\bcpkix-jdk15on-1.60.jar;D:\installtion\repostitory\org\bouncycastle\bcprov-jdk15on\1.60\bcprov-jdk15on-1.60.jar;D:\installtion\repostitory\org\springframework\cloud\spring-cloud-netflix-eureka-server\2.1.2.RELEASE\spring-cloud-netflix-eureka-server-2.1.2.RELEASE.jar;D:\installtion\repostitory\org\springframework\boot\spring-boot-starter-web\2.1.7.RELEASE\spring-boot-starter-web-2.1.7.RELEASE.jar;D:\installtion\repostitory\org\springframework\boot\spring-boot-starter-json\2.1.7.RELEASE\spring-boot-starter-json-2.1.7.RELEASE.jar;D:\installtion\repostitory\com\fasterxml\jackson\datatype\jackson-datatype-jdk8\2.9.9\jackson-datatype-jdk8-2.9.9.jar;D:\installtion\repostitory\com\fasterxml\jackson\datatype\jackson-datatype-jsr310\2.9.9\jackson-datatype-jsr310-2.9.9.jar;D:\installtion\repostitory\com\fasterxml\jackson\module\jackson-module-parameter-names\2.9.9\jackson-module-parameter-names-2.9.9.jar;D:\installtion\repostitory\org\springframework\boot\spring-boot-starter-tomcat\2.1.7.RELEASE\spring-boot-starter-tomcat-2.1.7.RELEASE.jar;D:\installtion\repostitory\org\apache\tomcat\embed\tomcat-embed-core\9.0.22\tomcat-embed-core-9.0.22.jar;D:\installtion\repostitory\org\apache\tomcat\embed\tomcat-embed-el\9.0.22\tomcat-embed-el-9.0.22.jar;D:\installtion\repostitory\org\apache\tomcat\embed\tomcat-embed-websocket\9.0.22\tomcat-embed-websocket-9.0.22.jar;D:\installtion\repostitory\org\hibernate\validator\hibernate-validator\6.0.17.Final\hibernate-validator-6.0.17.Final.jar;D:\installtion\repostitory\javax\validation\validation-api\2.0.1.Final\validation-api-2.0.1.Final.jar;D:\installtion\repostitory\org\jboss\logging\jboss-logging\3.3.2.Final\jboss-logging-3.3.2.Final.jar;D:\installtion\repostitory\com\fasterxml\classmate\1.4.0\classmate-1.4.0.jar;D:\installtion\repostitory\org\springframework\spring-web\5.1.9.RELEASE\spring-web-5.1.9.RELEASE.jar;D:\installtion\repostitory\org\springframework\spring-beans\5.1.9.RELEASE\spring-beans-5.1.9.RELEASE.jar;D:\installtion\repostitory\org\springframework\spring-webmvc\5.1.9.RELEASE\spring-webmvc-5.1.9.RELEASE.jar;D:\installtion\repostitory\org\springframework\spring-aop\5.1.9.RELEASE\spring-aop-5.1.9.RELEASE.jar;D:\installtion\repostitory\org\springframework\spring-expression\5.1.9.RELEASE\spring-expression-5.1.9.RELEASE.jar;D:\installtion\repostitory\org\springframework\boot\spring-boot-starter-actuator\2.1.7.RELEASE\spring-boot-starter-actuator-2.1.7.RELEASE.jar;D:\installtion\repostitory\org\springframework\boot\spring-boot-actuator-autoconfigure\2.1.7.RELEASE\spring-boot-actuator-autoconfigure-2.1.7.RELEASE.jar;D:\installtion\repostitory\org\springframework\boot\spring-boot-actuator\2.1.7.RELEASE\spring-boot-actuator-2.1.7.RELEASE.jar;D:\installtion\repostitory\io\micrometer\micrometer-core\1.1.5\micrometer-core-1.1.5.jar;D:\installtion\repostitory\org\hdrhistogram\HdrHistogram\2.1.9\HdrHistogram-2.1.9.jar;D:\installtion\repostitory\org\latencyutils\LatencyUtils\2.0.3\LatencyUtils-2.0.3.jar;D:\installtion\repostitory\org\springframework\boot\spring-boot-starter-freemarker\2.1.7.RELEASE\spring-boot-starter-freemarker-2.1.7.RELEASE.jar;D:\installtion\repostitory\org\freemarker\freemarker\2.3.28\freemarker-2.3.28.jar;D:\installtion\repostitory\org\springframework\spring-context-support\5.1.9.RELEASE\spring-context-support-5.1.9.RELEASE.jar;D:\installtion\repostitory\org\springframework\cloud\spring-cloud-netflix-hystrix\2.1.2.RELEASE\spring-cloud-netflix-hystrix-2.1.2.RELEASE.jar;D:\installtion\repostitory\org\springframework\boot\spring-boot-starter-aop\2.1.7.RELEASE\spring-boot-starter-aop-2.1.7.RELEASE.jar;D:\installtion\repostitory\org\aspectj\aspectjweaver\1.9.4\aspectjweaver-1.9.4.jar;D:\installtion\repostitory\org\springframework\cloud\spring-cloud-netflix-eureka-client\2.1.2.RELEASE\spring-cloud-netflix-eureka-client-2.1.2.RELEASE.jar;D:\installtion\repostitory\com\netflix\eureka\eureka-client\1.9.12\eureka-client-1.9.12.jar;D:\installtion\repostitory\org\codehaus\jettison\jettison\1.3.7\jettison-1.3.7.jar;D:\installtion\repostitory\stax\stax-api\1.0.1\stax-api-1.0.1.jar;D:\installtion\repostitory\com\netflix\netflix-commons\netflix-eventbus\0.3.0\netflix-eventbus-0.3.0.jar;D:\installtion\repostitory\com\netflix\netflix-commons\netflix-infix\0.3.0\netflix-infix-0.3.0.jar;D:\installtion\repostitory\commons-jxpath\commons-jxpath\1.3\commons-jxpath-1.3.jar;D:\installtion\repostitory\joda-time\joda-time\2.10.3\joda-time-2.10.3.jar;D:\installtion\repostitory\org\antlr\antlr-runtime\3.4\antlr-runtime-3.4.jar;D:\installtion\repostitory\org\antlr\stringtemplate\3.2.1\stringtemplate-3.2.1.jar;D:\installtion\repostitory\antlr\antlr\2.7.7\antlr-2.7.7.jar;D:\installtion\repostitory\com\google\code\gson\gson\2.8.5\gson-2.8.5.jar;D:\installtion\repostitory\org\apache\commons\commons-math\2.2\commons-math-2.2.jar;D:\installtion\repostitory\javax\ws\rs\jsr311-api\1.1.1\jsr311-api-1.1.1.jar;D:\installtion\repostitory\com\netflix\servo\servo-core\0.12.21\servo-core-0.12.21.jar;D:\installtion\repostitory\com\sun\jersey\jersey-core\1.19.1\jersey-core-1.19.1.jar;D:\installtion\repostitory\com\sun\jersey\jersey-client\1.19.1\jersey-client-1.19.1.jar;D:\installtion\repostitory\com\sun\jersey\contribs\jersey-apache-client4\1.19.1\jersey-apache-client4-1.19.1.jar;D:\installtion\repostitory\org\apache\httpcomponents\httpclient\4.5.9\httpclient-4.5.9.jar;D:\installtion\repostitory\org\apache\httpcomponents\httpcore\4.4.11\httpcore-4.4.11.jar;D:\installtion\repostitory\commons-codec\commons-codec\1.11\commons-codec-1.11.jar;D:\installtion\repostitory\com\google\inject\guice\4.1.0\guice-4.1.0.jar;D:\installtion\repostitory\aopalliance\aopalliance\1.0\aopalliance-1.0.jar;D:\installtion\repostitory\com\github\vlsi\compactmap\compactmap\1.2.1\compactmap-1.2.1.jar;D:\installtion\repostitory\com\github\andrewoma\dexx\dexx-collections\0.2\dexx-collections-0.2.jar;D:\installtion\repostitory\com\fasterxml\jackson\core\jackson-annotations\2.9.0\jackson-annotations-2.9.0.jar;D:\installtion\repostitory\com\fasterxml\jackson\core\jackson-core\2.9.9\jackson-core-2.9.9.jar;D:\installtion\repostitory\com\fasterxml\jackson\core\jackson-databind\2.9.9\jackson-databind-2.9.9.jar;D:\installtion\repostitory\com\sun\jersey\jersey-servlet\1.19.1\jersey-servlet-1.19.1.jar;D:\installtion\repostitory\com\sun\jersey\jersey-server\1.19.1\jersey-server-1.19.1.jar;D:\installtion\repostitory\com\netflix\eureka\eureka-core\1.9.12\eureka-core-1.9.12.jar;D:\installtion\repostitory\com\fasterxml\woodstox\woodstox-core\5.0.3\woodstox-core-5.0.3.jar;D:\installtion\repostitory\com\netflix\archaius\archaius-core\0.7.6\archaius-core-0.7.6.jar;D:\installtion\repostitory\com\google\code\findbugs\jsr305\3.0.1\jsr305-3.0.1.jar;D:\installtion\repostitory\com\google\guava\guava\16.0\guava-16.0.jar;D:\installtion\repostitory\javax\inject\javax.inject\1\javax.inject-1.jar;D:\installtion\repostitory\com\fasterxml\jackson\dataformat\jackson-dataformat-xml\2.9.9\jackson-dataformat-xml-2.9.9.jar;D:\installtion\repostitory\com\fasterxml\jackson\module\jackson-module-jaxb-annotations\2.9.9\jackson-module-jaxb-annotations-2.9.9.jar;D:\installtion\repostitory\org\codehaus\woodstox\stax2-api\3.1.4\stax2-api-3.1.4.jar;D:\installtion\repostitory\com\thoughtworks\xstream\xstream\1.4.10\xstream-1.4.10.jar;D:\installtion\repostitory\xmlpull\xmlpull\1.1.3.1\xmlpull-1.1.3.1.jar;D:\installtion\repostitory\xpp3\xpp3_min\1.1.4c\xpp3_min-1.1.4c.jar;D:\installtion\repostitory\org\springframework\cloud\spring-cloud-starter-netflix-archaius\2.1.2.RELEASE\spring-cloud-starter-netflix-archaius-2.1.2.RELEASE.jar;D:\installtion\repostitory\org\springframework\cloud\spring-cloud-netflix-ribbon\2.1.2.RELEASE\spring-cloud-netflix-ribbon-2.1.2.RELEASE.jar;D:\installtion\repostitory\org\springframework\cloud\spring-cloud-netflix-archaius\2.1.2.RELEASE\spring-cloud-netflix-archaius-2.1.2.RELEASE.jar;D:\installtion\repostitory\commons-configuration\commons-configuration\1.8\commons-configuration-1.8.jar;D:\installtion\repostitory\commons-lang\commons-lang\2.6\commons-lang-2.6.jar;D:\installtion\repostitory\org\springframework\cloud\spring-cloud-starter-netflix-ribbon\2.1.2.RELEASE\spring-cloud-starter-netflix-ribbon-2.1.2.RELEASE.jar;D:\installtion\repostitory\com\netflix\ribbon\ribbon\2.3.0\ribbon-2.3.0.jar;D:\installtion\repostitory\com\netflix\ribbon\ribbon-transport\2.3.0\ribbon-transport-2.3.0.jar;D:\installtion\repostitory\io\reactivex\rxnetty-contexts\0.4.9\rxnetty-contexts-0.4.9.jar;D:\installtion\repostitory\io\reactivex\rxnetty-servo\0.4.9\rxnetty-servo-0.4.9.jar;D:\installtion\repostitory\com\netflix\hystrix\hystrix-core\1.5.18\hystrix-core-1.5.18.jar;D:\installtion\repostitory\io\reactivex\rxnetty\0.4.9\rxnetty-0.4.9.jar;D:\installtion\repostitory\com\netflix\ribbon\ribbon-core\2.3.0\ribbon-core-2.3.0.jar;D:\installtion\repostitory\com\netflix\ribbon\ribbon-httpclient\2.3.0\ribbon-httpclient-2.3.0.jar;D:\installtion\repostitory\commons-collections\commons-collections\3.2.2\commons-collections-3.2.2.jar;D:\installtion\repostitory\com\netflix\netflix-commons\netflix-commons-util\0.3.0\netflix-commons-util-0.3.0.jar;D:\installtion\repostitory\com\netflix\ribbon\ribbon-loadbalancer\2.3.0\ribbon-loadbalancer-2.3.0.jar;D:\installtion\repostitory\com\netflix\netflix-commons\netflix-statistics\0.1.1\netflix-statistics-0.1.1.jar;D:\installtion\repostitory\io\reactivex\rxjava\1.3.8\rxjava-1.3.8.jar;D:\installtion\repostitory\com\netflix\ribbon\ribbon-eureka\2.3.0\ribbon-eureka-2.3.0.jar;D:\installtion\repostitory\org\slf4j\slf4j-api\1.7.26\slf4j-api-1.7.26.jar;D:\installtion\repostitory\org\springframework\boot\spring-boot-starter-test\2.1.7.RELEASE\spring-boot-starter-test-2.1.7.RELEASE.jar;D:\installtion\repostitory\org\springframework\boot\spring-boot-starter\2.1.7.RELEASE\spring-boot-starter-2.1.7.RELEASE.jar;D:\installtion\repostitory\org\springframework\boot\spring-boot\2.1.7.RELEASE\spring-boot-2.1.7.RELEASE.jar;D:\installtion\repostitory\org\springframework\spring-context\5.1.9.RELEASE\spring-context-5.1.9.RELEASE.jar;D:\installtion\repostitory\org\springframework\boot\spring-boot-autoconfigure\2.1.7.RELEASE\spring-boot-autoconfigure-2.1.7.RELEASE.jar;D:\installtion\repostitory\org\springframework\boot\spring-boot-starter-logging\2.1.7.RELEASE\spring-boot-starter-logging-2.1.7.RELEASE.jar;D:\installtion\repostitory\ch\qos\logback\logback-classic\1.2.3\logback-classic-1.2.3.jar;D:\installtion\repostitory\ch\qos\logback\logback-core\1.2.3\logback-core-1.2.3.jar;D:\installtion\repostitory\org\apache\logging\log4j\log4j-to-slf4j\2.11.2\log4j-to-slf4j-2.11.2.jar;D:\installtion\repostitory\org\apache\logging\log4j\log4j-api\2.11.2\log4j-api-2.11.2.jar;D:\installtion\repostitory\org\slf4j\jul-to-slf4j\1.7.26\jul-to-slf4j-1.7.26.jar;D:\installtion\repostitory\javax\annotation\javax.annotation-api\1.3.2\javax.annotation-api-1.3.2.jar;D:\installtion\repostitory\org\yaml\snakeyaml\1.23\snakeyaml-1.23.jar;D:\installtion\repostitory\org\springframework\boot\spring-boot-test\2.1.7.RELEASE\spring-boot-test-2.1.7.RELEASE.jar;D:\installtion\repostitory\org\springframework\boot\spring-boot-test-autoconfigure\2.1.7.RELEASE\spring-boot-test-autoconfigure-2.1.7.RELEASE.jar;D:\installtion\repostitory\com\jayway\jsonpath\json-path\2.4.0\json-path-2.4.0.jar;D:\installtion\repostitory\net\minidev\json-smart\2.3\json-smart-2.3.jar;D:\installtion\repostitory\net\minidev\accessors-smart\1.2\accessors-smart-1.2.jar;D:\installtion\repostitory\org\ow2\asm\asm\5.0.4\asm-5.0.4.jar;D:\installtion\repostitory\junit\junit\4.12\junit-4.12.jar;D:\installtion\repostitory\org\assertj\assertj-core\3.11.1\assertj-core-3.11.1.jar;D:\installtion\repostitory\org\mockito\mockito-core\2.23.4\mockito-core-2.23.4.jar;D:\installtion\repostitory\net\bytebuddy\byte-buddy\1.9.16\byte-buddy-1.9.16.jar;D:\installtion\repostitory\net\bytebuddy\byte-buddy-agent\1.9.16\byte-buddy-agent-1.9.16.jar;D:\installtion\repostitory\org\objenesis\objenesis\2.6\objenesis-2.6.jar;D:\installtion\repostitory\org\hamcrest\hamcrest-core\1.3\hamcrest-core-1.3.jar;D:\installtion\repostitory\org\hamcrest\hamcrest-library\1.3\hamcrest-library-1.3.jar;D:\installtion\repostitory\org\skyscreamer\jsonassert\1.5.0\jsonassert-1.5.0.jar;D:\installtion\repostitory\com\vaadin\external\google\android-json\0.0.20131108.vaadin1\android-json-0.0.20131108.vaadin1.jar;D:\installtion\repostitory\org\springframework\spring-core\5.1.9.RELEASE\spring-core-5.1.9.RELEASE.jar;D:\installtion\repostitory\org\springframework\spring-jcl\5.1.9.RELEASE\spring-jcl-5.1.9.RELEASE.jar;D:\installtion\repostitory\org\springframework\spring-test\5.1.9.RELEASE\spring-test-5.1.9.RELEASE.jar;D:\installtion\repostitory\org\xmlunit\xmlunit-core\2.6.3\xmlunit-core-2.6.3.jar;"/>
    <property name="java.vm.vendor" value="Oracle Corporation"/>
    <property name="sun.arch.data.model" value="64"/>
    <property name="user.variant" value=""/>
    <property name="java.vendor.url" value="http://java.oracle.com/"/>
    <property name="user.timezone" value="Asia/Shanghai"/>
    <property name="java.vm.specification.version" value="1.8"/>
    <property name="os.name" value="Windows 10"/>
    <property name="user.country" value="CN"/>
    <property name="sun.java.launcher" value="SUN_STANDARD"/>
    <property name="sun.boot.library.path" value="D:\installtion\jdk\jre\bin"/>
    <property name="sun.java.command" value="C:\Users\waiter\AppData\Local\Temp\surefire7924199880836893106\surefirebooter5695396979658125410.jar C:\Users\waiter\AppData\Local\Temp\surefire7924199880836893106 2019-08-26T11-19-23_692-jvmRun1 surefire4501842437619232694tmp surefire_03994579302726708206tmp"/>
    <property name="surefire.test.class.path" value="E:\IDEA\water-cloud\water-eureka\target\test-classes;E:\IDEA\water-cloud\water-eureka\target\classes;D:\installtion\repostitory\org\springframework\cloud\spring-cloud-starter-netflix-eureka-server\2.1.2.RELEASE\spring-cloud-starter-netflix-eureka-server-2.1.2.RELEASE.jar;D:\installtion\repostitory\org\springframework\cloud\spring-cloud-starter\2.1.2.RELEASE\spring-cloud-starter-2.1.2.RELEASE.jar;D:\installtion\repostitory\org\springframework\cloud\spring-cloud-context\2.1.2.RELEASE\spring-cloud-context-2.1.2.RELEASE.jar;D:\installtion\repostitory\org\springframework\security\spring-security-crypto\5.1.6.RELEASE\spring-security-crypto-5.1.6.RELEASE.jar;D:\installtion\repostitory\org\springframework\cloud\spring-cloud-commons\2.1.2.RELEASE\spring-cloud-commons-2.1.2.RELEASE.jar;D:\installtion\repostitory\org\springframework\security\spring-security-rsa\1.0.7.RELEASE\spring-security-rsa-1.0.7.RELEASE.jar;D:\installtion\repostitory\org\bouncycastle\bcpkix-jdk15on\1.60\bcpkix-jdk15on-1.60.jar;D:\installtion\repostitory\org\bouncycastle\bcprov-jdk15on\1.60\bcprov-jdk15on-1.60.jar;D:\installtion\repostitory\org\springframework\cloud\spring-cloud-netflix-eureka-server\2.1.2.RELEASE\spring-cloud-netflix-eureka-server-2.1.2.RELEASE.jar;D:\installtion\repostitory\org\springframework\boot\spring-boot-starter-web\2.1.7.RELEASE\spring-boot-starter-web-2.1.7.RELEASE.jar;D:\installtion\repostitory\org\springframework\boot\spring-boot-starter-json\2.1.7.RELEASE\spring-boot-starter-json-2.1.7.RELEASE.jar;D:\installtion\repostitory\com\fasterxml\jackson\datatype\jackson-datatype-jdk8\2.9.9\jackson-datatype-jdk8-2.9.9.jar;D:\installtion\repostitory\com\fasterxml\jackson\datatype\jackson-datatype-jsr310\2.9.9\jackson-datatype-jsr310-2.9.9.jar;D:\installtion\repostitory\com\fasterxml\jackson\module\jackson-module-parameter-names\2.9.9\jackson-module-parameter-names-2.9.9.jar;D:\installtion\repostitory\org\springframework\boot\spring-boot-starter-tomcat\2.1.7.RELEASE\spring-boot-starter-tomcat-2.1.7.RELEASE.jar;D:\installtion\repostitory\org\apache\tomcat\embed\tomcat-embed-core\9.0.22\tomcat-embed-core-9.0.22.jar;D:\installtion\repostitory\org\apache\tomcat\embed\tomcat-embed-el\9.0.22\tomcat-embed-el-9.0.22.jar;D:\installtion\repostitory\org\apache\tomcat\embed\tomcat-embed-websocket\9.0.22\tomcat-embed-websocket-9.0.22.jar;D:\installtion\repostitory\org\hibernate\validator\hibernate-validator\6.0.17.Final\hibernate-validator-6.0.17.Final.jar;D:\installtion\repostitory\javax\validation\validation-api\2.0.1.Final\validation-api-2.0.1.Final.jar;D:\installtion\repostitory\org\jboss\logging\jboss-logging\3.3.2.Final\jboss-logging-3.3.2.Final.jar;D:\installtion\repostitory\com\fasterxml\classmate\1.4.0\classmate-1.4.0.jar;D:\installtion\repostitory\org\springframework\spring-web\5.1.9.RELEASE\spring-web-5.1.9.RELEASE.jar;D:\installtion\repostitory\org\springframework\spring-beans\5.1.9.RELEASE\spring-beans-5.1.9.RELEASE.jar;D:\installtion\repostitory\org\springframework\spring-webmvc\5.1.9.RELEASE\spring-webmvc-5.1.9.RELEASE.jar;D:\installtion\repostitory\org\springframework\spring-aop\5.1.9.RELEASE\spring-aop-5.1.9.RELEASE.jar;D:\installtion\repostitory\org\springframework\spring-expression\5.1.9.RELEASE\spring-expression-5.1.9.RELEASE.jar;D:\installtion\repostitory\org\springframework\boot\spring-boot-starter-actuator\2.1.7.RELEASE\spring-boot-starter-actuator-2.1.7.RELEASE.jar;D:\installtion\repostitory\org\springframework\boot\spring-boot-actuator-autoconfigure\2.1.7.RELEASE\spring-boot-actuator-autoconfigure-2.1.7.RELEASE.jar;D:\installtion\repostitory\org\springframework\boot\spring-boot-actuator\2.1.7.RELEASE\spring-boot-actuator-2.1.7.RELEASE.jar;D:\installtion\repostitory\io\micrometer\micrometer-core\1.1.5\micrometer-core-1.1.5.jar;D:\installtion\repostitory\org\hdrhistogram\HdrHistogram\2.1.9\HdrHistogram-2.1.9.jar;D:\installtion\repostitory\org\latencyutils\LatencyUtils\2.0.3\LatencyUtils-2.0.3.jar;D:\installtion\repostitory\org\springframework\boot\spring-boot-starter-freemarker\2.1.7.RELEASE\spring-boot-starter-freemarker-2.1.7.RELEASE.jar;D:\installtion\repostitory\org\freemarker\freemarker\2.3.28\freemarker-2.3.28.jar;D:\installtion\repostitory\org\springframework\spring-context-support\5.1.9.RELEASE\spring-context-support-5.1.9.RELEASE.jar;D:\installtion\repostitory\org\springframework\cloud\spring-cloud-netflix-hystrix\2.1.2.RELEASE\spring-cloud-netflix-hystrix-2.1.2.RELEASE.jar;D:\installtion\repostitory\org\springframework\boot\spring-boot-starter-aop\2.1.7.RELEASE\spring-boot-starter-aop-2.1.7.RELEASE.jar;D:\installtion\repostitory\org\aspectj\aspectjweaver\1.9.4\aspectjweaver-1.9.4.jar;D:\installtion\repostitory\org\springframework\cloud\spring-cloud-netflix-eureka-client\2.1.2.RELEASE\spring-cloud-netflix-eureka-client-2.1.2.RELEASE.jar;D:\installtion\repostitory\com\netflix\eureka\eureka-client\1.9.12\eureka-client-1.9.12.jar;D:\installtion\repostitory\org\codehaus\jettison\jettison\1.3.7\jettison-1.3.7.jar;D:\installtion\repostitory\stax\stax-api\1.0.1\stax-api-1.0.1.jar;D:\installtion\repostitory\com\netflix\netflix-commons\netflix-eventbus\0.3.0\netflix-eventbus-0.3.0.jar;D:\installtion\repostitory\com\netflix\netflix-commons\netflix-infix\0.3.0\netflix-infix-0.3.0.jar;D:\installtion\repostitory\commons-jxpath\commons-jxpath\1.3\commons-jxpath-1.3.jar;D:\installtion\repostitory\joda-time\joda-time\2.10.3\joda-time-2.10.3.jar;D:\installtion\repostitory\org\antlr\antlr-runtime\3.4\antlr-runtime-3.4.jar;D:\installtion\repostitory\org\antlr\stringtemplate\3.2.1\stringtemplate-3.2.1.jar;D:\installtion\repostitory\antlr\antlr\2.7.7\antlr-2.7.7.jar;D:\installtion\repostitory\com\google\code\gson\gson\2.8.5\gson-2.8.5.jar;D:\installtion\repostitory\org\apache\commons\commons-math\2.2\commons-math-2.2.jar;D:\installtion\repostitory\javax\ws\rs\jsr311-api\1.1.1\jsr311-api-1.1.1.jar;D:\installtion\repostitory\com\netflix\servo\servo-core\0.12.21\servo-core-0.12.21.jar;D:\installtion\repostitory\com\sun\jersey\jersey-core\1.19.1\jersey-core-1.19.1.jar;D:\installtion\repostitory\com\sun\jersey\jersey-client\1.19.1\jersey-client-1.19.1.jar;D:\installtion\repostitory\com\sun\jersey\contribs\jersey-apache-client4\1.19.1\jersey-apache-client4-1.19.1.jar;D:\installtion\repostitory\org\apache\httpcomponents\httpclient\4.5.9\httpclient-4.5.9.jar;D:\installtion\repostitory\org\apache\httpcomponents\httpcore\4.4.11\httpcore-4.4.11.jar;D:\installtion\repostitory\commons-codec\commons-codec\1.11\commons-codec-1.11.jar;D:\installtion\repostitory\com\google\inject\guice\4.1.0\guice-4.1.0.jar;D:\installtion\repostitory\aopalliance\aopalliance\1.0\aopalliance-1.0.jar;D:\installtion\repostitory\com\github\vlsi\compactmap\compactmap\1.2.1\compactmap-1.2.1.jar;D:\installtion\repostitory\com\github\andrewoma\dexx\dexx-collections\0.2\dexx-collections-0.2.jar;D:\installtion\repostitory\com\fasterxml\jackson\core\jackson-annotations\2.9.0\jackson-annotations-2.9.0.jar;D:\installtion\repostitory\com\fasterxml\jackson\core\jackson-core\2.9.9\jackson-core-2.9.9.jar;D:\installtion\repostitory\com\fasterxml\jackson\core\jackson-databind\2.9.9\jackson-databind-2.9.9.jar;D:\installtion\repostitory\com\sun\jersey\jersey-servlet\1.19.1\jersey-servlet-1.19.1.jar;D:\installtion\repostitory\com\sun\jersey\jersey-server\1.19.1\jersey-server-1.19.1.jar;D:\installtion\repostitory\com\netflix\eureka\eureka-core\1.9.12\eureka-core-1.9.12.jar;D:\installtion\repostitory\com\fasterxml\woodstox\woodstox-core\5.0.3\woodstox-core-5.0.3.jar;D:\installtion\repostitory\com\netflix\archaius\archaius-core\0.7.6\archaius-core-0.7.6.jar;D:\installtion\repostitory\com\google\code\findbugs\jsr305\3.0.1\jsr305-3.0.1.jar;D:\installtion\repostitory\com\google\guava\guava\16.0\guava-16.0.jar;D:\installtion\repostitory\javax\inject\javax.inject\1\javax.inject-1.jar;D:\installtion\repostitory\com\fasterxml\jackson\dataformat\jackson-dataformat-xml\2.9.9\jackson-dataformat-xml-2.9.9.jar;D:\installtion\repostitory\com\fasterxml\jackson\module\jackson-module-jaxb-annotations\2.9.9\jackson-module-jaxb-annotations-2.9.9.jar;D:\installtion\repostitory\org\codehaus\woodstox\stax2-api\3.1.4\stax2-api-3.1.4.jar;D:\installtion\repostitory\com\thoughtworks\xstream\xstream\1.4.10\xstream-1.4.10.jar;D:\installtion\repostitory\xmlpull\xmlpull\1.1.3.1\xmlpull-1.1.3.1.jar;D:\installtion\repostitory\xpp3\xpp3_min\1.1.4c\xpp3_min-1.1.4c.jar;D:\installtion\repostitory\org\springframework\cloud\spring-cloud-starter-netflix-archaius\2.1.2.RELEASE\spring-cloud-starter-netflix-archaius-2.1.2.RELEASE.jar;D:\installtion\repostitory\org\springframework\cloud\spring-cloud-netflix-ribbon\2.1.2.RELEASE\spring-cloud-netflix-ribbon-2.1.2.RELEASE.jar;D:\installtion\repostitory\org\springframework\cloud\spring-cloud-netflix-archaius\2.1.2.RELEASE\spring-cloud-netflix-archaius-2.1.2.RELEASE.jar;D:\installtion\repostitory\commons-configuration\commons-configuration\1.8\commons-configuration-1.8.jar;D:\installtion\repostitory\commons-lang\commons-lang\2.6\commons-lang-2.6.jar;D:\installtion\repostitory\org\springframework\cloud\spring-cloud-starter-netflix-ribbon\2.1.2.RELEASE\spring-cloud-starter-netflix-ribbon-2.1.2.RELEASE.jar;D:\installtion\repostitory\com\netflix\ribbon\ribbon\2.3.0\ribbon-2.3.0.jar;D:\installtion\repostitory\com\netflix\ribbon\ribbon-transport\2.3.0\ribbon-transport-2.3.0.jar;D:\installtion\repostitory\io\reactivex\rxnetty-contexts\0.4.9\rxnetty-contexts-0.4.9.jar;D:\installtion\repostitory\io\reactivex\rxnetty-servo\0.4.9\rxnetty-servo-0.4.9.jar;D:\installtion\repostitory\com\netflix\hystrix\hystrix-core\1.5.18\hystrix-core-1.5.18.jar;D:\installtion\repostitory\io\reactivex\rxnetty\0.4.9\rxnetty-0.4.9.jar;D:\installtion\repostitory\com\netflix\ribbon\ribbon-core\2.3.0\ribbon-core-2.3.0.jar;D:\installtion\repostitory\com\netflix\ribbon\ribbon-httpclient\2.3.0\ribbon-httpclient-2.3.0.jar;D:\installtion\repostitory\commons-collections\commons-collections\3.2.2\commons-collections-3.2.2.jar;D:\installtion\repostitory\com\netflix\netflix-commons\netflix-commons-util\0.3.0\netflix-commons-util-0.3.0.jar;D:\installtion\repostitory\com\netflix\ribbon\ribbon-loadbalancer\2.3.0\ribbon-loadbalancer-2.3.0.jar;D:\installtion\repostitory\com\netflix\netflix-commons\netflix-statistics\0.1.1\netflix-statistics-0.1.1.jar;D:\installtion\repostitory\io\reactivex\rxjava\1.3.8\rxjava-1.3.8.jar;D:\installtion\repostitory\com\netflix\ribbon\ribbon-eureka\2.3.0\ribbon-eureka-2.3.0.jar;D:\installtion\repostitory\org\slf4j\slf4j-api\1.7.26\slf4j-api-1.7.26.jar;D:\installtion\repostitory\org\springframework\boot\spring-boot-starter-test\2.1.7.RELEASE\spring-boot-starter-test-2.1.7.RELEASE.jar;D:\installtion\repostitory\org\springframework\boot\spring-boot-starter\2.1.7.RELEASE\spring-boot-starter-2.1.7.RELEASE.jar;D:\installtion\repostitory\org\springframework\boot\spring-boot\2.1.7.RELEASE\spring-boot-2.1.7.RELEASE.jar;D:\installtion\repostitory\org\springframework\spring-context\5.1.9.RELEASE\spring-context-5.1.9.RELEASE.jar;D:\installtion\repostitory\org\springframework\boot\spring-boot-autoconfigure\2.1.7.RELEASE\spring-boot-autoconfigure-2.1.7.RELEASE.jar;D:\installtion\repostitory\org\springframework\boot\spring-boot-starter-logging\2.1.7.RELEASE\spring-boot-starter-logging-2.1.7.RELEASE.jar;D:\installtion\repostitory\ch\qos\logback\logback-classic\1.2.3\logback-classic-1.2.3.jar;D:\installtion\repostitory\ch\qos\logback\logback-core\1.2.3\logback-core-1.2.3.jar;D:\installtion\repostitory\org\apache\logging\log4j\log4j-to-slf4j\2.11.2\log4j-to-slf4j-2.11.2.jar;D:\installtion\repostitory\org\apache\logging\log4j\log4j-api\2.11.2\log4j-api-2.11.2.jar;D:\installtion\repostitory\org\slf4j\jul-to-slf4j\1.7.26\jul-to-slf4j-1.7.26.jar;D:\installtion\repostitory\javax\annotation\javax.annotation-api\1.3.2\javax.annotation-api-1.3.2.jar;D:\installtion\repostitory\org\yaml\snakeyaml\1.23\snakeyaml-1.23.jar;D:\installtion\repostitory\org\springframework\boot\spring-boot-test\2.1.7.RELEASE\spring-boot-test-2.1.7.RELEASE.jar;D:\installtion\repostitory\org\springframework\boot\spring-boot-test-autoconfigure\2.1.7.RELEASE\spring-boot-test-autoconfigure-2.1.7.RELEASE.jar;D:\installtion\repostitory\com\jayway\jsonpath\json-path\2.4.0\json-path-2.4.0.jar;D:\installtion\repostitory\net\minidev\json-smart\2.3\json-smart-2.3.jar;D:\installtion\repostitory\net\minidev\accessors-smart\1.2\accessors-smart-1.2.jar;D:\installtion\repostitory\org\ow2\asm\asm\5.0.4\asm-5.0.4.jar;D:\installtion\repostitory\junit\junit\4.12\junit-4.12.jar;D:\installtion\repostitory\org\assertj\assertj-core\3.11.1\assertj-core-3.11.1.jar;D:\installtion\repostitory\org\mockito\mockito-core\2.23.4\mockito-core-2.23.4.jar;D:\installtion\repostitory\net\bytebuddy\byte-buddy\1.9.16\byte-buddy-1.9.16.jar;D:\installtion\repostitory\net\bytebuddy\byte-buddy-agent\1.9.16\byte-buddy-agent-1.9.16.jar;D:\installtion\repostitory\org\objenesis\objenesis\2.6\objenesis-2.6.jar;D:\installtion\repostitory\org\hamcrest\hamcrest-core\1.3\hamcrest-core-1.3.jar;D:\installtion\repostitory\org\hamcrest\hamcrest-library\1.3\hamcrest-library-1.3.jar;D:\installtion\repostitory\org\skyscreamer\jsonassert\1.5.0\jsonassert-1.5.0.jar;D:\installtion\repostitory\com\vaadin\external\google\android-json\0.0.20131108.vaadin1\android-json-0.0.20131108.vaadin1.jar;D:\installtion\repostitory\org\springframework\spring-core\5.1.9.RELEASE\spring-core-5.1.9.RELEASE.jar;D:\installtion\repostitory\org\springframework\spring-jcl\5.1.9.RELEASE\spring-jcl-5.1.9.RELEASE.jar;D:\installtion\repostitory\org\springframework\spring-test\5.1.9.RELEASE\spring-test-5.1.9.RELEASE.jar;D:\installtion\repostitory\org\xmlunit\xmlunit-core\2.6.3\xmlunit-core-2.6.3.jar;"/>
    <property name="sun.cpu.endian" value="little"/>
    <property name="user.home" value="C:\Users\waiter"/>
    <property name="user.language" value="zh"/>
    <property name="java.specification.vendor" value="Oracle Corporation"/>
    <property name="java.home" value="D:\installtion\jdk\jre"/>
    <property name="basedir" value="E:\IDEA\water-cloud\water-eureka"/>
    <property name="file.separator" value="\"/>
    <property name="line.separator" value="&#10;"/>
    <property name="java.vm.specification.vendor" value="Oracle Corporation"/>
    <property name="java.specification.name" value="Java Platform API Specification"/>
    <property name="java.awt.graphicsenv" value="sun.awt.Win32GraphicsEnvironment"/>
    <property name="surefire.real.class.path" value="C:\Users\waiter\AppData\Local\Temp\surefire7924199880836893106\surefirebooter5695396979658125410.jar"/>
    <property name="sun.boot.class.path" value="D:\installtion\jdk\jre\lib\resources.jar;D:\installtion\jdk\jre\lib\rt.jar;D:\installtion\jdk\jre\lib\sunrsasign.jar;D:\installtion\jdk\jre\lib\jsse.jar;D:\installtion\jdk\jre\lib\jce.jar;D:\installtion\jdk\jre\lib\charsets.jar;D:\installtion\jdk\jre\lib\jfr.jar;D:\installtion\jdk\jre\classes"/>
    <property name="user.script" value=""/>
    <property name="sun.management.compiler" value="HotSpot 64-Bit Tiered Compilers"/>
    <property name="java.runtime.version" value="1.8.0_201-b09"/>
    <property name="user.name" value="waiter"/>
    <property name="path.separator" value=";"/>
    <property name="os.version" value="10.0"/>
    <property name="java.endorsed.dirs" value="D:\installtion\jdk\jre\lib\endorsed"/>
    <property name="java.runtime.name" value="Java(TM) SE Runtime Environment"/>
    <property name="file.encoding" value="GBK"/>
    <property name="java.vm.name" value="Java HotSpot(TM) 64-Bit Server VM"/>
    <property name="localRepository" value="D:\installtion\repostitory"/>
    <property name="java.vendor.url.bug" value="http://bugreport.sun.com/bugreport/"/>
    <property name="java.io.tmpdir" value="C:\Users\waiter\AppData\Local\Temp\"/>
    <property name="java.version" value="1.8.0_201"/>
    <property name="user.dir" value="E:\IDEA\water-cloud\water-eureka"/>
    <property name="os.arch" value="amd64"/>
    <property name="java.vm.specification.name" value="Java Virtual Machine Specification"/>
    <property name="java.awt.printerjob" value="sun.awt.windows.WPrinterJob"/>
    <property name="sun.os.patch.level" value=""/>
    <property name="idea.version2019.2" value="true"/>
    <property name="java.library.path" value="D:\installtion\jdk\jre\bin;C:\WINDOWS\Sun\Java\bin;C:\WINDOWS\system32;C:\WINDOWS;D:\installtion\IntelliJ IDEA 2018.3.4\jbr\\bin;D:\installtion\IntelliJ IDEA 2018.3.4\jbr\\bin\server;C:\ProgramData\DockerDesktop\version-bin;C:\Program Files\Docker\Docker\Resources\bin;C:\Program Files (x86)\NetSarang\Xftp 6\;D:\installtion\anaconda;D:\installtion\anaconda\Library\mingw-w64\bin;D:\installtion\anaconda\Library\usr\bin;D:\installtion\anaconda\Library\bin;D:\installtion\anaconda\Scripts;C:\Program Files\NVIDIA GPU Computing Toolkit\CUDA\v10.0\bin;C:\Program Files\NVIDIA GPU Computing Toolkit\CUDA\v10.0\libnvvp;C:\Program Files (x86)\NetSarang\Xshell 6\;C:\Program Files (x86)\Common Files\Oracle\Java\javapath;C:\Windows\system32;C:\Windows;C:\Windows\System32\Wbem;C:\Windows\System32\WindowsPowerShell\v1.0\;D:\installtion\git\Git\cmd;C:\Program Files\CMake\bin;C:\Program Files (x86)\NVIDIA Corporation\PhysX\Common;D:\installtion\nodejs\;C:\WINDOWS\system32;C:\WINDOWS;C:\WINDOWS\System32\Wbem;C:\WINDOWS\System32\WindowsPowerShell\v1.0\;C:\WINDOWS\System32\OpenSSH\;C:\Program Files\NVIDIA Corporation\NVIDIA NvDLISR;C:\Users\waiter\AppData\Roaming\npm;C:\Program Files (x86)\Common Files\Thunder Network\KanKan\Codecs;C:\Users\waiter\AppData\Local\Microsoft\WindowsApps;&quot;;D:\installtion\jdk\bin&quot;;D:\installtion\IntelliJ IDEA 2018.3.4\bin;D:\installtion\WebStorm 2018.3.4\bin;&quot;;D:\installtion\CLion 2018.3.4\bin;D:\installtion\PyCharm 2018.3.4\bin;C:\Users\waiter\AppData\Roaming\npm&quot;;&quot;;D:\installtion\opencv\opencv\build\x64\vc15\bin&quot;;D:\installtion\DataGrip 2019.1.4\bin;C:\Users\waiter\AppData\Local\atom\bin;D:\installtion\SDK\tools;D:\installtion\SDK\platform-tools;;."/>
    <property name="java.vm.info" value="mixed mode"/>
    <property name="java.vendor" value="Oracle Corporation"/>
    <property name="java.vm.version" value="25.201-b09"/>
    <property name="java.ext.dirs" value="D:\installtion\jdk\jre\lib\ext;C:\WINDOWS\Sun\Java\lib\ext"/>
    <property name="sun.io.unicode.encoding" value="UnicodeLittle"/>
    <property name="maven.repo.local" value="D:\installtion\repostitory"/>
    <property name="java.class.version" value="52.0"/>
  </properties>
  <testcase name="contextLoads" classname="com.upc.eureka.WaterEurekaApplicationTests" time="0.327"/>
</testsuite>